app/build/intermediates/manifest_merge_blame_file/debug/manifest-merger-blame-debug-report.txt
1<?xml version="1.0" encoding="utf-8"?>
2<manifest xmlns:android="http://schemas.android.com/apk/res/android"
3    package="com.example.jocasta"
4    android:versionCode="1"
5    android:versionName="1.0" >
6
7    <uses-sdk
8        android:minSdkVersion="29"
8-->src\main\AndroidManifest.xml
9        android:targetSdkVersion="33" />
9-->src\main\AndroidManifest.xml
10
11    <uses-permission android:name="android.permission.INTERNET" />
11-->src\main\AndroidManifest.xml:7:5-67
11-->src\main\AndroidManifest.xml:7:22-64
12
13    <permission
13-->[androidx.core:core:1.9.0] AndroidManifest.xml:22:5-24:47
14        android:name="com.example.jocasta.DYNAMIC_RECEIVER_NOT_EXPORTED_PERMISSION"
14-->[androidx.core:core:1.9.0] AndroidManifest.xml:23:9-81
15        android:protectionLevel="signature" />
15-->[androidx.core:core:1.9.0] AndroidManifest.xml:24:9-44
16
17    <uses-permission android:name="com.example.jocasta.DYNAMIC_RECEIVER_NOT_EXPORTED_PERMISSION" />
17-->[androidx.core:core:1.9.0] AndroidManifest.xml:26:5-97
17-->[androidx.core:core:1.9.0] AndroidManifest.xml:26:22-94
18    <uses-permission android:name="android.permission.REORDER_TASKS" />
18-->[androidx.test:core:1.4.0] AndroidManifest.xml:24:5-72
18-->[androidx.test:core:1.4.0] AndroidManifest.xml:24:22-69
19
20    <application
20-->src\main\AndroidManifest.xml:9:5-32:19
21        android:name="com.example.jocasta.JocastaApplication"
21-->src\main\AndroidManifest.xml:10:9-43
22        android:allowBackup="true"
22-->src\main\AndroidManifest.xml:12:9-35
23        android:appComponentFactory="androidx.core.app.CoreComponentFactory"
23-->[androidx.core:core:1.9.0] AndroidManifest.xml:28:18-86
24        android:dataExtractionRules="@xml/data_extraction_rules"
24-->src\main\AndroidManifest.xml:13:9-65
25        android:debuggable="true"
26        android:extractNativeLibs="false"
27        android:fullBackupContent="@xml/backup_rules"
27-->src\main\AndroidManifest.xml:14:9-54
28        android:icon="@mipmap/ic_launcher"
28-->src\main\AndroidManifest.xml:15:9-43
29        android:label="@string/app_name"
29-->src\main\AndroidManifest.xml:16:9-41
30        android:supportsRtl="true"
30-->src\main\AndroidManifest.xml:17:9-35
31        android:testOnly="true"
32        android:theme="@style/Theme.Jocasta" >
32-->src\main\AndroidManifest.xml:18:9-45
33        <activity
33-->src\main\AndroidManifest.xml:21:9-31:20
34            android:name="com.example.jocasta.MainActivity"
34-->src\main\AndroidManifest.xml:22:13-41
35            android:exported="true"
35-->src\main\AndroidManifest.xml:24:13-36
36            android:theme="@style/Theme.Jocasta" >
36-->src\main\AndroidManifest.xml:25:13-49
37            <intent-filter>
37-->src\main\AndroidManifest.xml:27:13-30:29
38                <action android:name="android.intent.action.MAIN" />
38-->src\main\AndroidManifest.xml:28:17-69
38-->src\main\AndroidManifest.xml:28:25-66
39
40                <category android:name="android.intent.category.LAUNCHER" />
40-->src\main\AndroidManifest.xml:29:17-77
40-->src\main\AndroidManifest.xml:29:27-74
41            </intent-filter>
42        </activity>
43        <activity
43-->[androidx.compose.ui:ui-test-manifest:1.4.0-beta02] AndroidManifest.xml:23:9-25:39
44            android:name="androidx.activity.ComponentActivity"
44-->[androidx.compose.ui:ui-test-manifest:1.4.0-beta02] AndroidManifest.xml:24:13-63
45            android:exported="true" />
45-->[androidx.compose.ui:ui-test-manifest:1.4.0-beta02] AndroidManifest.xml:25:13-36
46        <activity
46-->[androidx.compose.ui:ui-tooling:1.4.0-beta02] AndroidManifest.xml:23:9-25:39
47            android:name="androidx.compose.ui.tooling.PreviewActivity"
47-->[androidx.compose.ui:ui-tooling:1.4.0-beta02] AndroidManifest.xml:24:13-71
48            android:exported="true" />
48-->[androidx.compose.ui:ui-tooling:1.4.0-beta02] AndroidManifest.xml:25:13-36
49
50        <provider
50-->[androidx.emoji2:emoji2:1.3.0-beta03] AndroidManifest.xml:24:9-32:20
51            android:name="androidx.startup.InitializationProvider"
51-->[androidx.emoji2:emoji2:1.3.0-beta03] AndroidManifest.xml:25:13-67
52            android:authorities="com.example.jocasta.androidx-startup"
52-->[androidx.emoji2:emoji2:1.3.0-beta03] AndroidManifest.xml:26:13-68
53            android:exported="false" >
53-->[androidx.emoji2:emoji2:1.3.0-beta03] AndroidManifest.xml:27:13-37
54            <meta-data
54-->[androidx.emoji2:emoji2:1.3.0-beta03] AndroidManifest.xml:29:13-31:52
55                android:name="androidx.emoji2.text.EmojiCompatInitializer"
55-->[androidx.emoji2:emoji2:1.3.0-beta03] AndroidManifest.xml:30:17-75
56                android:value="androidx.startup" />
56-->[androidx.emoji2:emoji2:1.3.0-beta03] AndroidManifest.xml:31:17-49
57            <meta-data
57-->[androidx.lifecycle:lifecycle-process:2.6.0-rc01] AndroidManifest.xml:29:13-31:52
58                android:name="androidx.lifecycle.ProcessLifecycleInitializer"
58-->[androidx.lifecycle:lifecycle-process:2.6.0-rc01] AndroidManifest.xml:30:17-78
59                android:value="androidx.startup" />
59-->[androidx.lifecycle:lifecycle-process:2.6.0-rc01] AndroidManifest.xml:31:17-49
60            <meta-data
60-->[androidx.profileinstaller:profileinstaller:1.2.1] AndroidManifest.xml:30:13-32:52
61                android:name="androidx.profileinstaller.ProfileInstallerInitializer"
61-->[androidx.profileinstaller:profileinstaller:1.2.1] AndroidManifest.xml:31:17-85
62                android:value="androidx.startup" />
62-->[androidx.profileinstaller:profileinstaller:1.2.1] AndroidManifest.xml:32:17-49
63        </provider>
64
65        <activity
65-->[androidx.test:core:1.4.0] AndroidManifest.xml:27:9-34:20
66            android:name="androidx.test.core.app.InstrumentationActivityInvoker$BootstrapActivity"
66-->[androidx.test:core:1.4.0] AndroidManifest.xml:28:13-99
67            android:exported="true"
67-->[androidx.test:core:1.4.0] AndroidManifest.xml:29:13-36
68            android:theme="@android:style/Theme" >
68-->[androidx.test:core:1.4.0] AndroidManifest.xml:30:13-49
69            <intent-filter>
69-->[androidx.test:core:1.4.0] AndroidManifest.xml:31:13-33:29
70                <action android:name="android.intent.action.MAIN" />
70-->src\main\AndroidManifest.xml:28:17-69
70-->src\main\AndroidManifest.xml:28:25-66
71            </intent-filter>
72        </activity>
73        <activity
73-->[androidx.test:core:1.4.0] AndroidManifest.xml:35:9-42:20
74            android:name="androidx.test.core.app.InstrumentationActivityInvoker$EmptyActivity"
74-->[androidx.test:core:1.4.0] AndroidManifest.xml:36:13-95
75            android:exported="true"
75-->[androidx.test:core:1.4.0] AndroidManifest.xml:37:13-36
76            android:theme="@android:style/Theme" >
76-->[androidx.test:core:1.4.0] AndroidManifest.xml:38:13-49
77            <intent-filter>
77-->[androidx.test:core:1.4.0] AndroidManifest.xml:31:13-33:29
78                <action android:name="android.intent.action.MAIN" />
78-->src\main\AndroidManifest.xml:28:17-69
78-->src\main\AndroidManifest.xml:28:25-66
79            </intent-filter>
80        </activity>
81        <activity
81-->[androidx.test:core:1.4.0] AndroidManifest.xml:43:9-50:20
82            android:name="androidx.test.core.app.InstrumentationActivityInvoker$EmptyFloatingActivity"
82-->[androidx.test:core:1.4.0] AndroidManifest.xml:44:13-103
83            android:exported="true"
83-->[androidx.test:core:1.4.0] AndroidManifest.xml:45:13-36
84            android:theme="@android:style/Theme.Dialog" >
84-->[androidx.test:core:1.4.0] AndroidManifest.xml:46:13-56
85            <intent-filter>
85-->[androidx.test:core:1.4.0] AndroidManifest.xml:31:13-33:29
86                <action android:name="android.intent.action.MAIN" />
86-->src\main\AndroidManifest.xml:28:17-69
86-->src\main\AndroidManifest.xml:28:25-66
87            </intent-filter>
88        </activity>
89
90        <receiver
90-->[androidx.profileinstaller:profileinstaller:1.2.1] AndroidManifest.xml:35:9-47:20
91            android:name="androidx.profileinstaller.ProfileInstallReceiver"
91-->[androidx.profileinstaller:profileinstaller:1.2.1] AndroidManifest.xml:36:13-76
92            android:directBootAware="false"
92-->[androidx.profileinstaller:profileinstaller:1.2.1] AndroidManifest.xml:37:13-44
93            android:enabled="true"
93-->[androidx.profileinstaller:profileinstaller:1.2.1] AndroidManifest.xml:38:13-35
94            android:exported="true"
94-->[androidx.profileinstaller:profileinstaller:1.2.1] AndroidManifest.xml:39:13-36
95            android:permission="android.permission.DUMP" >
95-->[androidx.profileinstaller:profileinstaller:1.2.1] AndroidManifest.xml:40:13-57
96            <intent-filter>
96-->[androidx.profileinstaller:profileinstaller:1.2.1] AndroidManifest.xml:41:13-43:29
97                <action android:name="androidx.profileinstaller.action.INSTALL_PROFILE" />
97-->[androidx.profileinstaller:profileinstaller:1.2.1] AndroidManifest.xml:42:17-91
97-->[androidx.profileinstaller:profileinstaller:1.2.1] AndroidManifest.xml:42:25-88
98            </intent-filter>
99            <intent-filter>
99-->[androidx.profileinstaller:profileinstaller:1.2.1] AndroidManifest.xml:44:13-46:29
100                <action android:name="androidx.profileinstaller.action.SKIP_FILE" />
100-->[androidx.profileinstaller:profileinstaller:1.2.1] AndroidManifest.xml:45:17-85
100-->[androidx.profileinstaller:profileinstaller:1.2.1] AndroidManifest.xml:45:25-82
101            </intent-filter>
102        </receiver>
103    </application>
104
105</manifest>